<?xml version="1.0" encoding="UTF-8"?>
<!-- Generated by org.testng.reporters.JUnitReportReporter -->
<testsuite hostname="Mahesh" failures="0" tests="5" name="testcases.TC003_LoginDDT_Test" time="33.025" errors="0" timestamp="2025-10-06T17:16:09 IST" skipped="0">
  <testcase classname="testcases.TC003_LoginDDT_Test" name="verify_LoginDDT" time="3.307"/>
  <testcase classname="testcases.TC003_LoginDDT_Test" name="verify_LoginDDT" time="12.151"/>
  <testcase classname="testcases.TC003_LoginDDT_Test" name="verify_LoginDDT" time="2.859"/>
  <testcase classname="testcases.TC003_LoginDDT_Test" name="verify_LoginDDT" time="11.589"/>
  <testcase classname="testcases.TC003_LoginDDT_Test" name="verify_LoginDDT" time="3.119"/>
</testsuite> <!-- testcases.TC003_LoginDDT_Test -->
