<?xml version="1.0" encoding="UTF-8"?>
<!-- Generated by org.testng.reporters.JUnitReportReporter -->
<testsuite hostname="Mahesh" failures="0" tests="1" name="testcases.TC_002_LoginTest" time="3.466" errors="0" timestamp="2025-10-09T05:57:17 IST" skipped="0">
  <testcase classname="testcases.TC_002_LoginTest" name="verify_Login" time="3.466"/>
</testsuite> <!-- testcases.TC_002_LoginTest -->
