<?xml version="1.0" encoding="UTF-8"?>
<!-- Generated by org.testng.reporters.JUnitReportReporter -->
<testsuite hostname="Mahesh" failures="0" tests="1" name="testcases.TC001_AccountRegistrationTest" time="3.424" errors="0" timestamp="2025-10-07T22:13:21 IST" skipped="0">
  <testcase classname="testcases.TC001_AccountRegistrationTest" name="verify_Account_Registration" time="3.424"/>
</testsuite> <!-- testcases.TC001_AccountRegistrationTest -->
