<?xml version="1.0" encoding="UTF-8"?>
<!-- Generated by org.testng.reporters.JUnitReportReporter -->
<testsuite hostname="Mahesh" failures="0" tests="1" name="testcases.TC_002_LoginTest" time="3.024" errors="0" timestamp="2025-10-07T22:26:37 IST" skipped="0">
  <testcase classname="testcases.TC_002_LoginTest" name="verify_Login" time="3.024"/>
</testsuite> <!-- testcases.TC_002_LoginTest -->
