<?xml version="1.0" encoding="UTF-8"?>
<!-- Generated by org.testng.reporters.JUnitReportReporter -->
<testsuite hostname="Mahesh" failures="0" tests="5" name="testcases.TC003_LoginDDT_Test" time="52.643" errors="0" timestamp="2025-10-27T12:44:53 IST" skipped="0">
  <testcase classname="testcases.TC003_LoginDDT_Test" name="verify_LoginDDT" time="2.665"/>
  <testcase classname="testcases.TC003_LoginDDT_Test" name="verify_LoginDDT" time="21.644"/>
  <testcase classname="testcases.TC003_LoginDDT_Test" name="verify_LoginDDT" time="3.310"/>
  <testcase classname="testcases.TC003_LoginDDT_Test" name="verify_LoginDDT" time="2.888"/>
  <testcase classname="testcases.TC003_LoginDDT_Test" name="verify_LoginDDT" time="22.136"/>
</testsuite> <!-- testcases.TC003_LoginDDT_Test -->
